0 info it worked if it ends with ok
1 verbose cli [ '/usr/local/bin/node',
1 verbose cli   '/usr/local/bin/npm',
1 verbose cli   'install',
1 verbose cli   '-g',
1 verbose cli   'less' ]
2 info using npm@2.14.3
3 info using node@v4.1.0
4 verbose install initial load of /usr/local/lib/package.json
5 verbose readDependencies loading dependencies from /usr/local/lib/package.json
6 silly cache add args [ 'less', null ]
7 verbose cache add spec less
8 silly cache add parsed spec Result {
8 silly cache add   raw: 'less',
8 silly cache add   scope: null,
8 silly cache add   name: 'less',
8 silly cache add   rawSpec: '',
8 silly cache add   spec: '*',
8 silly cache add   type: 'range' }
9 silly addNamed less@*
10 verbose addNamed "*" is a valid semver range for less
11 silly addNameRange { name: 'less', range: '*', hasData: false }
12 silly mapToRegistry name less
13 silly mapToRegistry using default registry
14 silly mapToRegistry registry https://registry.npmjs.org/
15 silly mapToRegistry uri https://registry.npmjs.org/less
16 verbose addNameRange registry:https://registry.npmjs.org/less not in flight; fetching
17 verbose request uri https://registry.npmjs.org/less
18 verbose request no auth needed
19 info attempt registry request try #1 at 3:28:59 AM
20 verbose request id c47f66528bbe02db
21 verbose etag "A4UC60O4OPIYC3NL2A8TBRTSU"
22 http request GET https://registry.npmjs.org/less
23 http 200 https://registry.npmjs.org/less
24 silly get cb [ 200,
24 silly get   { server: 'CouchDB/1.5.0 (Erlang OTP/R16B03)',
24 silly get     etag: '"ASKRC6LSFN1EA41HUFX2MMSYV"',
24 silly get     'content-type': 'application/json',
24 silly get     'content-encoding': 'gzip',
24 silly get     'cache-control': 'max-age=300',
24 silly get     'content-length': '13583',
24 silly get     'accept-ranges': 'bytes',
24 silly get     date: 'Sat, 09 Jul 2016 06:29:00 GMT',
24 silly get     via: '1.1 varnish',
24 silly get     age: '254',
24 silly get     connection: 'keep-alive',
24 silly get     'x-served-by': 'cache-gru7125-GRU',
24 silly get     'x-cache': 'HIT',
24 silly get     'x-cache-hits': '1',
24 silly get     'x-timer': 'S1468045740.271911,VS0,VE0',
24 silly get     vary: 'Accept-Encoding' } ]
25 verbose get saving less to /Users/eugecarlini/.npm/registry.npmjs.org/less/.cache.json
26 silly addNameRange number 2 { name: 'less', range: '*', hasData: true }
27 silly addNameRange versions [ 'less',
27 silly addNameRange   [ '1.0.10',
27 silly addNameRange     '1.0.11',
27 silly addNameRange     '1.0.14',
27 silly addNameRange     '1.0.18',
27 silly addNameRange     '1.0.19',
27 silly addNameRange     '1.0.21',
27 silly addNameRange     '1.0.32',
27 silly addNameRange     '1.0.36',
27 silly addNameRange     '1.0.5',
27 silly addNameRange     '1.0.40',
27 silly addNameRange     '1.0.41',
27 silly addNameRange     '1.0.44',
27 silly addNameRange     '1.1.0',
27 silly addNameRange     '1.1.1',
27 silly addNameRange     '1.1.2',
27 silly addNameRange     '1.1.4',
27 silly addNameRange     '1.1.5',
27 silly addNameRange     '1.1.6',
27 silly addNameRange     '1.2.0',
27 silly addNameRange     '1.2.1',
27 silly addNameRange     '1.2.2',
27 silly addNameRange     '1.3.0',
27 silly addNameRange     '1.3.1',
27 silly addNameRange     '1.3.2',
27 silly addNameRange     '1.3.3',
27 silly addNameRange     '1.4.0-b1',
27 silly addNameRange     '1.4.0-b2',
27 silly addNameRange     '1.4.0-b3',
27 silly addNameRange     '1.4.0-b4',
27 silly addNameRange     '1.4.0',
27 silly addNameRange     '1.4.1',
27 silly addNameRange     '1.4.2',
27 silly addNameRange     '1.5.0-b1',
27 silly addNameRange     '1.5.0-b2',
27 silly addNameRange     '1.5.0-b3',
27 silly addNameRange     '1.5.0-b4',
27 silly addNameRange     '1.5.0',
27 silly addNameRange     '1.5.1',
27 silly addNameRange     '1.6.0',
27 silly addNameRange     '1.6.1',
27 silly addNameRange     '1.6.2',
27 silly addNameRange     '1.6.3',
27 silly addNameRange     '1.7.0',
27 silly addNameRange     '1.7.1',
27 silly addNameRange     '1.7.3',
27 silly addNameRange     '1.7.4',
27 silly addNameRange     '1.7.5',
27 silly addNameRange     '2.0.0-b1',
27 silly addNameRange     '2.0.0-b2',
27 silly addNameRange     '2.0.0-b3',
27 silly addNameRange     '2.0.0',
27 silly addNameRange     '2.1.0',
27 silly addNameRange     '2.1.1',
27 silly addNameRange     '2.1.2',
27 silly addNameRange     '2.2.0',
27 silly addNameRange     '2.3.0',
27 silly addNameRange     '2.3.1',
27 silly addNameRange     '2.4.0',
27 silly addNameRange     '2.5.0',
27 silly addNameRange     '2.5.1',
27 silly addNameRange     '2.5.2',
27 silly addNameRange     '2.5.3',
27 silly addNameRange     '2.6.0',
27 silly addNameRange     '2.6.1',
27 silly addNameRange     '2.7.0',
27 silly addNameRange     '2.7.1' ] ]
28 silly addNamed less@2.7.1
29 verbose addNamed "2.7.1" is a plain semver version for less
30 silly mapToRegistry name less
31 silly mapToRegistry using default registry
32 silly mapToRegistry registry https://registry.npmjs.org/
33 silly mapToRegistry uri https://registry.npmjs.org/less
34 verbose addRemoteTarball https://registry.npmjs.org/less/-/less-2.7.1.tgz not in flight; adding
35 verbose addRemoteTarball [ 'https://registry.npmjs.org/less/-/less-2.7.1.tgz',
35 verbose addRemoteTarball   '6cbfea22b3b830304e9a5fb371d54fa480c9d7cf' ]
36 info retry fetch attempt 1 at 3:29:00 AM
37 info attempt registry request try #1 at 3:29:00 AM
38 http fetch GET https://registry.npmjs.org/less/-/less-2.7.1.tgz
39 http fetch 200 https://registry.npmjs.org/less/-/less-2.7.1.tgz
40 silly fetchAndShaCheck shasum 6cbfea22b3b830304e9a5fb371d54fa480c9d7cf
41 verbose addTmpTarball /var/folders/wz/zgszr1x16mv4qdbl7jx__ftm0000gn/T/npm-9186-99103453/registry.npmjs.org/less/-/less-2.7.1.tgz not in flight; adding
42 verbose addTmpTarball already have metadata; skipping unpack for less@2.7.1
43 silly cache afterAdd less@2.7.1
44 verbose afterAdd /Users/eugecarlini/.npm/less/2.7.1/package/package.json not in flight; writing
45 verbose afterAdd /Users/eugecarlini/.npm/less/2.7.1/package/package.json written
46 silly install resolved [ { name: 'less',
46 silly install resolved     version: '2.7.1',
46 silly install resolved     description: 'Leaner CSS',
46 silly install resolved     homepage: 'http://lesscss.org',
46 silly install resolved     author: { name: 'Alexis Sellier', email: 'self@cloudhead.net' },
46 silly install resolved     contributors: [ [Object] ],
46 silly install resolved     bugs: { url: 'https://github.com/less/less.js/issues' },
46 silly install resolved     repository: { type: 'git', url: 'git+https://github.com/less/less.js.git' },
46 silly install resolved     master:
46 silly install resolved      { url: 'https://github.com/less/less.js/blob/master/',
46 silly install resolved        raw: 'https://raw.githubusercontent.com/less/less.js/master/' },
46 silly install resolved     license: 'Apache-2.0',
46 silly install resolved     bin: { lessc: './bin/lessc' },
46 silly install resolved     main: 'index',
46 silly install resolved     directories: { test: './test' },
46 silly install resolved     jam: { main: './dist/less.js' },
46 silly install resolved     browser: './dist/less.js',
46 silly install resolved     engines: { node: '>=0.12' },
46 silly install resolved     scripts: { test: 'grunt test' },
46 silly install resolved     optionalDependencies:
46 silly install resolved      { errno: '^0.1.1',
46 silly install resolved        'graceful-fs': '^4.1.2',
46 silly install resolved        'image-size': '~0.5.0',
46 silly install resolved        mime: '^1.2.11',
46 silly install resolved        mkdirp: '^0.5.0',
46 silly install resolved        promise: '^7.1.1',
46 silly install resolved        'source-map': '^0.5.3' },
46 silly install resolved     devDependencies:
46 silly install resolved      { diff: '^2.2.2',
46 silly install resolved        grunt: '^1.0.1',
46 silly install resolved        'grunt-browserify': '^5.0.0',
46 silly install resolved        'grunt-contrib-clean': '^1.0.0',
46 silly install resolved        'grunt-contrib-concat': '^1.0.1',
46 silly install resolved        'grunt-contrib-connect': '^1.0.2',
46 silly install resolved        'grunt-contrib-jasmine': '^1.0.3',
46 silly install resolved        'grunt-contrib-jshint': '^1.0.0',
46 silly install resolved        'grunt-contrib-uglify': '^1.0.1',
46 silly install resolved        'grunt-jscs': '^2.8.0',
46 silly install resolved        'grunt-saucelabs': '^8.6.2',
46 silly install resolved        'grunt-shell': '^1.3.0',
46 silly install resolved        'jit-grunt': '^0.10.0',
46 silly install resolved        'time-grunt': '^1.3.0' },
46 silly install resolved     keywords:
46 silly install resolved      [ 'compile less',
46 silly install resolved        'css nesting',
46 silly install resolved        'css variable',
46 silly install resolved        'css',
46 silly install resolved        'gradients css',
46 silly install resolved        'gradients css3',
46 silly install resolved        'less compiler',
46 silly install resolved        'less css',
46 silly install resolved        'less mixins',
46 silly install resolved        'less',
46 silly install resolved        'less.js',
46 silly install resolved        'lesscss',
46 silly install resolved        'mixins',
46 silly install resolved        'nested css',
46 silly install resolved        'parser',
46 silly install resolved        'preprocessor',
46 silly install resolved        'bootstrap css',
46 silly install resolved        'bootstrap less',
46 silly install resolved        'style',
46 silly install resolved        'styles',
46 silly install resolved        'stylesheet',
46 silly install resolved        'variables in css',
46 silly install resolved        'css less' ],
46 silly install resolved     rawcurrent: 'https://raw.github.com/less/less.js/v',
46 silly install resolved     sourcearchive: 'https://github.com/less/less.js/archive/v',
46 silly install resolved     gitHead: 'd3e1531370a36dd6e213c8b4da955d0a0e1d6eb7',
46 silly install resolved     dependencies:
46 silly install resolved      { errno: '^0.1.1',
46 silly install resolved        'graceful-fs': '^4.1.2',
46 silly install resolved        'image-size': '~0.5.0',
46 silly install resolved        mime: '^1.2.11',
46 silly install resolved        mkdirp: '^0.5.0',
46 silly install resolved        promise: '^7.1.1',
46 silly install resolved        'source-map': '^0.5.3' },
46 silly install resolved     _id: 'less@2.7.1',
46 silly install resolved     _shasum: '6cbfea22b3b830304e9a5fb371d54fa480c9d7cf',
46 silly install resolved     _from: 'less@*',
46 silly install resolved     _npmVersion: '3.8.6',
46 silly install resolved     _nodeVersion: '6.1.0',
46 silly install resolved     _npmUser: { name: 'matthew-dean', email: 'matthewdean.me@gmail.com' },
46 silly install resolved     dist:
46 silly install resolved      { shasum: '6cbfea22b3b830304e9a5fb371d54fa480c9d7cf',
46 silly install resolved        tarball: 'https://registry.npmjs.org/less/-/less-2.7.1.tgz' },
46 silly install resolved     maintainers: [ [Object], [Object], [Object], [Object], [Object] ],
46 silly install resolved     _npmOperationalInternal:
46 silly install resolved      { host: 'packages-12-west.internal.npmjs.com',
46 silly install resolved        tmp: 'tmp/less-2.7.1.tgz_1462826329455_0.6074283130001277' },
46 silly install resolved     _resolved: 'https://registry.npmjs.org/less/-/less-2.7.1.tgz' } ]
47 info install less@2.7.1 into /usr/local/lib
48 info installOne less@2.7.1
49 verbose installOne of less to /usr/local/lib not in flight; installing
50 verbose lock using /Users/eugecarlini/.npm/_locks/less-c2213c903e2e7354.lock for /usr/local/lib/node_modules/less
51 silly install write writing less 2.7.1 to /usr/local/lib/node_modules/less
52 verbose unbuild lib/node_modules/less
53 info preuninstall less@2.5.3
54 info uninstall less@2.5.3
55 verbose unbuild rmStuff less@2.5.3 from /usr/local/lib/node_modules
56 silly gentlyRm /usr/local/bin/lessc is being gently removed
57 silly gentlyRm verifying /usr/local is an npm working directory
58 silly gentlyRm containing path /usr/local is under npm's control, in /usr/local
59 silly gentlyRm deletion target /usr/local/bin/lessc is under /usr/local
60 verbose gentlyRm vacuuming from /usr/local/bin/lessc up to /usr/local
61 silly vacuum-fs removing /usr/local/bin/lessc
62 silly vacuum-fs quitting because other entries in /usr/local/bin
63 info postuninstall less@2.5.3
64 silly gentlyRm /usr/local/lib/node_modules/less is being purged from base /usr/local
65 verbose gentlyRm don't care about contents; nuking /usr/local/lib/node_modules/less
66 silly vacuum-fs purging /usr/local/lib/node_modules/less
67 verbose unlock done using /Users/eugecarlini/.npm/_locks/less-c2213c903e2e7354.lock for /usr/local/lib/node_modules/less
68 verbose stack Error: EACCES: permission denied, rmdir '/usr/local/lib/node_modules/less'
68 verbose stack     at Error (native)
69 verbose cwd /Applications/XAMPP/xamppfiles/htdocs/ecommerce/less
70 error Darwin 15.5.0
71 error argv "/usr/local/bin/node" "/usr/local/bin/npm" "install" "-g" "less"
72 error node v4.1.0
73 error npm  v2.14.3
74 error path /usr/local/lib/node_modules/less
75 error code EACCES
76 error errno -13
77 error syscall rmdir
78 error Error: EACCES: permission denied, rmdir '/usr/local/lib/node_modules/less'
78 error     at Error (native)
78 error  { [Error: EACCES: permission denied, rmdir '/usr/local/lib/node_modules/less']
78 error   errno: -13,
78 error   code: 'EACCES',
78 error   syscall: 'rmdir',
78 error   path: '/usr/local/lib/node_modules/less' }
79 error Please try running this command again as root/Administrator.
80 verbose exit [ -13, true ]
81 verbose unbuild lib/node_modules/less
82 info preuninstall less@2.5.3
83 info uninstall less@2.5.3
84 verbose unbuild rmStuff less@2.5.3 from /usr/local/lib/node_modules
85 silly gentlyRm /usr/local/bin/lessc is being gently removed
86 silly gentlyRm verifying /usr/local is an npm working directory
87 silly gentlyRm containing path /usr/local is under npm's control, in /usr/local
88 silly gentlyRm deletion target /usr/local/bin/lessc is under /usr/local
89 verbose gentlyRm vacuuming from /usr/local/bin/lessc up to /usr/local
90 info postuninstall less@2.5.3
91 silly gentlyRm /usr/local/lib/node_modules/less is being purged from base /usr/local
92 verbose gentlyRm don't care about contents; nuking /usr/local/lib/node_modules/less
93 silly vacuum-fs purging /usr/local/lib/node_modules/less
94 error error rolling back Error: EACCES: permission denied, rmdir '/usr/local/lib/node_modules/less'
94 error error rolling back     at Error (native)
94 error error rolling back  { [Error: EACCES: permission denied, rmdir '/usr/local/lib/node_modules/less']
94 error error rolling back   errno: -13,
94 error error rolling back   code: 'EACCES',
94 error error rolling back   syscall: 'rmdir',
94 error error rolling back   path: '/usr/local/lib/node_modules/less' }
