0 info it worked if it ends with ok
1 verbose cli [ '/usr/local/bin/node',
1 verbose cli   '/usr/local/bin/npm',
1 verbose cli   'install',
1 verbose cli   '-g',
1 verbose cli   'less' ]
2 info using npm@2.14.3
3 info using node@v4.1.0
4 verbose install initial load of /usr/local/lib/package.json
5 verbose readDependencies loading dependencies from /usr/local/lib/package.json
6 silly cache add args [ 'less', null ]
7 verbose cache add spec less
8 silly cache add parsed spec Result {
8 silly cache add   raw: 'less',
8 silly cache add   scope: null,
8 silly cache add   name: 'less',
8 silly cache add   rawSpec: '',
8 silly cache add   spec: '*',
8 silly cache add   type: 'range' }
9 silly addNamed less@*
10 verbose addNamed "*" is a valid semver range for less
11 silly addNameRange { name: 'less', range: '*', hasData: false }
12 silly mapToRegistry name less
13 silly mapToRegistry using default registry
14 silly mapToRegistry registry https://registry.npmjs.org/
15 silly mapToRegistry uri https://registry.npmjs.org/less
16 verbose addNameRange registry:https://registry.npmjs.org/less not in flight; fetching
17 verbose request uri https://registry.npmjs.org/less
18 verbose request no auth needed
19 info attempt registry request try #1 at 3:29:12 AM
20 verbose request id 3cc18d257f9a4194
21 verbose etag "ASKRC6LSFN1EA41HUFX2MMSYV"
22 http request GET https://registry.npmjs.org/less
23 http 304 https://registry.npmjs.org/less
24 silly get cb [ 304,
24 silly get   { date: 'Sat, 09 Jul 2016 06:29:12 GMT',
24 silly get     via: '1.1 varnish',
24 silly get     'cache-control': 'max-age=300',
24 silly get     etag: '"ASKRC6LSFN1EA41HUFX2MMSYV"',
24 silly get     age: '266',
24 silly get     connection: 'keep-alive',
24 silly get     'x-served-by': 'cache-gru7124-GRU',
24 silly get     'x-cache': 'HIT',
24 silly get     'x-cache-hits': '1',
24 silly get     'x-timer': 'S1468045752.508829,VS0,VE0',
24 silly get     vary: 'Accept-Encoding' } ]
25 verbose etag https://registry.npmjs.org/less from cache
26 verbose get saving less to /Users/eugecarlini/.npm/registry.npmjs.org/less/.cache.json
27 silly addNameRange number 2 { name: 'less', range: '*', hasData: true }
28 silly addNameRange versions [ 'less',
28 silly addNameRange   [ '1.0.10',
28 silly addNameRange     '1.0.11',
28 silly addNameRange     '1.0.14',
28 silly addNameRange     '1.0.18',
28 silly addNameRange     '1.0.19',
28 silly addNameRange     '1.0.21',
28 silly addNameRange     '1.0.32',
28 silly addNameRange     '1.0.36',
28 silly addNameRange     '1.0.5',
28 silly addNameRange     '1.0.40',
28 silly addNameRange     '1.0.41',
28 silly addNameRange     '1.0.44',
28 silly addNameRange     '1.1.0',
28 silly addNameRange     '1.1.1',
28 silly addNameRange     '1.1.2',
28 silly addNameRange     '1.1.4',
28 silly addNameRange     '1.1.5',
28 silly addNameRange     '1.1.6',
28 silly addNameRange     '1.2.0',
28 silly addNameRange     '1.2.1',
28 silly addNameRange     '1.2.2',
28 silly addNameRange     '1.3.0',
28 silly addNameRange     '1.3.1',
28 silly addNameRange     '1.3.2',
28 silly addNameRange     '1.3.3',
28 silly addNameRange     '1.4.0-b1',
28 silly addNameRange     '1.4.0-b2',
28 silly addNameRange     '1.4.0-b3',
28 silly addNameRange     '1.4.0-b4',
28 silly addNameRange     '1.4.0',
28 silly addNameRange     '1.4.1',
28 silly addNameRange     '1.4.2',
28 silly addNameRange     '1.5.0-b1',
28 silly addNameRange     '1.5.0-b2',
28 silly addNameRange     '1.5.0-b3',
28 silly addNameRange     '1.5.0-b4',
28 silly addNameRange     '1.5.0',
28 silly addNameRange     '1.5.1',
28 silly addNameRange     '1.6.0',
28 silly addNameRange     '1.6.1',
28 silly addNameRange     '1.6.2',
28 silly addNameRange     '1.6.3',
28 silly addNameRange     '1.7.0',
28 silly addNameRange     '1.7.1',
28 silly addNameRange     '1.7.3',
28 silly addNameRange     '1.7.4',
28 silly addNameRange     '1.7.5',
28 silly addNameRange     '2.0.0-b1',
28 silly addNameRange     '2.0.0-b2',
28 silly addNameRange     '2.0.0-b3',
28 silly addNameRange     '2.0.0',
28 silly addNameRange     '2.1.0',
28 silly addNameRange     '2.1.1',
28 silly addNameRange     '2.1.2',
28 silly addNameRange     '2.2.0',
28 silly addNameRange     '2.3.0',
28 silly addNameRange     '2.3.1',
28 silly addNameRange     '2.4.0',
28 silly addNameRange     '2.5.0',
28 silly addNameRange     '2.5.1',
28 silly addNameRange     '2.5.2',
28 silly addNameRange     '2.5.3',
28 silly addNameRange     '2.6.0',
28 silly addNameRange     '2.6.1',
28 silly addNameRange     '2.7.0',
28 silly addNameRange     '2.7.1' ] ]
29 silly addNamed less@2.7.1
30 verbose addNamed "2.7.1" is a plain semver version for less
31 silly cache afterAdd less@2.7.1
32 verbose afterAdd /Users/eugecarlini/.npm/less/2.7.1/package/package.json not in flight; writing
33 verbose afterAdd /Users/eugecarlini/.npm/less/2.7.1/package/package.json written
34 silly install resolved [ { name: 'less',
34 silly install resolved     version: '2.7.1',
34 silly install resolved     description: 'Leaner CSS',
34 silly install resolved     homepage: 'http://lesscss.org',
34 silly install resolved     author: { name: 'Alexis Sellier', email: 'self@cloudhead.net' },
34 silly install resolved     contributors: [ [Object] ],
34 silly install resolved     bugs: { url: 'https://github.com/less/less.js/issues' },
34 silly install resolved     repository: { type: 'git', url: 'git+https://github.com/less/less.js.git' },
34 silly install resolved     master:
34 silly install resolved      { url: 'https://github.com/less/less.js/blob/master/',
34 silly install resolved        raw: 'https://raw.githubusercontent.com/less/less.js/master/' },
34 silly install resolved     license: 'Apache-2.0',
34 silly install resolved     bin: { lessc: './bin/lessc' },
34 silly install resolved     main: 'index',
34 silly install resolved     directories: { test: './test' },
34 silly install resolved     jam: { main: './dist/less.js' },
34 silly install resolved     browser: './dist/less.js',
34 silly install resolved     engines: { node: '>=0.12' },
34 silly install resolved     scripts: { test: 'grunt test' },
34 silly install resolved     optionalDependencies:
34 silly install resolved      { errno: '^0.1.1',
34 silly install resolved        'graceful-fs': '^4.1.2',
34 silly install resolved        'image-size': '~0.5.0',
34 silly install resolved        mime: '^1.2.11',
34 silly install resolved        mkdirp: '^0.5.0',
34 silly install resolved        promise: '^7.1.1',
34 silly install resolved        'source-map': '^0.5.3' },
34 silly install resolved     devDependencies:
34 silly install resolved      { diff: '^2.2.2',
34 silly install resolved        grunt: '^1.0.1',
34 silly install resolved        'grunt-browserify': '^5.0.0',
34 silly install resolved        'grunt-contrib-clean': '^1.0.0',
34 silly install resolved        'grunt-contrib-concat': '^1.0.1',
34 silly install resolved        'grunt-contrib-connect': '^1.0.2',
34 silly install resolved        'grunt-contrib-jasmine': '^1.0.3',
34 silly install resolved        'grunt-contrib-jshint': '^1.0.0',
34 silly install resolved        'grunt-contrib-uglify': '^1.0.1',
34 silly install resolved        'grunt-jscs': '^2.8.0',
34 silly install resolved        'grunt-saucelabs': '^8.6.2',
34 silly install resolved        'grunt-shell': '^1.3.0',
34 silly install resolved        'jit-grunt': '^0.10.0',
34 silly install resolved        'time-grunt': '^1.3.0' },
34 silly install resolved     keywords:
34 silly install resolved      [ 'compile less',
34 silly install resolved        'css nesting',
34 silly install resolved        'css variable',
34 silly install resolved        'css',
34 silly install resolved        'gradients css',
34 silly install resolved        'gradients css3',
34 silly install resolved        'less compiler',
34 silly install resolved        'less css',
34 silly install resolved        'less mixins',
34 silly install resolved        'less',
34 silly install resolved        'less.js',
34 silly install resolved        'lesscss',
34 silly install resolved        'mixins',
34 silly install resolved        'nested css',
34 silly install resolved        'parser',
34 silly install resolved        'preprocessor',
34 silly install resolved        'bootstrap css',
34 silly install resolved        'bootstrap less',
34 silly install resolved        'style',
34 silly install resolved        'styles',
34 silly install resolved        'stylesheet',
34 silly install resolved        'variables in css',
34 silly install resolved        'css less' ],
34 silly install resolved     rawcurrent: 'https://raw.github.com/less/less.js/v',
34 silly install resolved     sourcearchive: 'https://github.com/less/less.js/archive/v',
34 silly install resolved     gitHead: 'd3e1531370a36dd6e213c8b4da955d0a0e1d6eb7',
34 silly install resolved     dependencies:
34 silly install resolved      { errno: '^0.1.1',
34 silly install resolved        'graceful-fs': '^4.1.2',
34 silly install resolved        'image-size': '~0.5.0',
34 silly install resolved        mime: '^1.2.11',
34 silly install resolved        mkdirp: '^0.5.0',
34 silly install resolved        promise: '^7.1.1',
34 silly install resolved        'source-map': '^0.5.3' },
34 silly install resolved     _id: 'less@2.7.1',
34 silly install resolved     _shasum: '6cbfea22b3b830304e9a5fb371d54fa480c9d7cf',
34 silly install resolved     _from: 'less@*',
34 silly install resolved     _npmVersion: '3.8.6',
34 silly install resolved     _nodeVersion: '6.1.0',
34 silly install resolved     _npmUser: { name: 'matthew-dean', email: 'matthewdean.me@gmail.com' },
34 silly install resolved     dist:
34 silly install resolved      { shasum: '6cbfea22b3b830304e9a5fb371d54fa480c9d7cf',
34 silly install resolved        tarball: 'https://registry.npmjs.org/less/-/less-2.7.1.tgz' },
34 silly install resolved     maintainers: [ [Object], [Object], [Object], [Object], [Object] ],
34 silly install resolved     _npmOperationalInternal:
34 silly install resolved      { host: 'packages-12-west.internal.npmjs.com',
34 silly install resolved        tmp: 'tmp/less-2.7.1.tgz_1462826329455_0.6074283130001277' },
34 silly install resolved     _resolved: 'https://registry.npmjs.org/less/-/less-2.7.1.tgz',
34 silly install resolved     readme: 'ERROR: No README data found!' } ]
35 info install less@2.7.1 into /usr/local/lib
36 info installOne less@2.7.1
37 verbose installOne of less to /usr/local/lib not in flight; installing
38 verbose lock using /Users/eugecarlini/.npm/_locks/less-c2213c903e2e7354.lock for /usr/local/lib/node_modules/less
39 silly install write writing less 2.7.1 to /usr/local/lib/node_modules/less
40 verbose unbuild lib/node_modules/less
41 info preuninstall less@2.5.3
42 info uninstall less@2.5.3
43 verbose unbuild rmStuff less@2.5.3 from /usr/local/lib/node_modules
44 silly gentlyRm /usr/local/bin/lessc is being gently removed
45 silly gentlyRm verifying /usr/local is an npm working directory
46 silly gentlyRm containing path /usr/local is under npm's control, in /usr/local
47 silly gentlyRm deletion target /usr/local/bin/lessc is under /usr/local
48 verbose gentlyRm vacuuming from /usr/local/bin/lessc up to /usr/local
49 info postuninstall less@2.5.3
50 silly gentlyRm /usr/local/lib/node_modules/less is being purged from base /usr/local
51 verbose gentlyRm don't care about contents; nuking /usr/local/lib/node_modules/less
52 silly vacuum-fs purging /usr/local/lib/node_modules/less
53 verbose unlock done using /Users/eugecarlini/.npm/_locks/less-c2213c903e2e7354.lock for /usr/local/lib/node_modules/less
54 verbose stack Error: EACCES: permission denied, rmdir '/usr/local/lib/node_modules/less'
54 verbose stack     at Error (native)
55 verbose cwd /Applications/XAMPP/xamppfiles/htdocs/ecommerce
56 error Darwin 15.5.0
57 error argv "/usr/local/bin/node" "/usr/local/bin/npm" "install" "-g" "less"
58 error node v4.1.0
59 error npm  v2.14.3
60 error path /usr/local/lib/node_modules/less
61 error code EACCES
62 error errno -13
63 error syscall rmdir
64 error Error: EACCES: permission denied, rmdir '/usr/local/lib/node_modules/less'
64 error     at Error (native)
64 error  { [Error: EACCES: permission denied, rmdir '/usr/local/lib/node_modules/less']
64 error   errno: -13,
64 error   code: 'EACCES',
64 error   syscall: 'rmdir',
64 error   path: '/usr/local/lib/node_modules/less' }
65 error Please try running this command again as root/Administrator.
66 verbose exit [ -13, true ]
67 verbose unbuild lib/node_modules/less
68 info preuninstall less@2.5.3
69 info uninstall less@2.5.3
70 verbose unbuild rmStuff less@2.5.3 from /usr/local/lib/node_modules
71 silly gentlyRm /usr/local/bin/lessc is being gently removed
72 silly gentlyRm verifying /usr/local is an npm working directory
73 silly gentlyRm containing path /usr/local is under npm's control, in /usr/local
74 silly gentlyRm deletion target /usr/local/bin/lessc is under /usr/local
75 verbose gentlyRm vacuuming from /usr/local/bin/lessc up to /usr/local
76 info postuninstall less@2.5.3
77 silly gentlyRm /usr/local/lib/node_modules/less is being purged from base /usr/local
78 verbose gentlyRm don't care about contents; nuking /usr/local/lib/node_modules/less
79 silly vacuum-fs purging /usr/local/lib/node_modules/less
80 error error rolling back Error: EACCES: permission denied, rmdir '/usr/local/lib/node_modules/less'
80 error error rolling back     at Error (native)
80 error error rolling back  { [Error: EACCES: permission denied, rmdir '/usr/local/lib/node_modules/less']
80 error error rolling back   errno: -13,
80 error error rolling back   code: 'EACCES',
80 error error rolling back   syscall: 'rmdir',
80 error error rolling back   path: '/usr/local/lib/node_modules/less' }
